# JRE version: OpenJDK Runtime Environment AdoptOpenJDK-11.0.11+9 (11.0.11+9) (build 11.0.11+9)
# Java VM: OpenJDK 64-Bit Server VM AdoptOpenJDK-11.0.11+9 (11.0.11+9, mixed mode, tiered, compressed oops, g1 gc, windows-amd64)
Heap:
 garbage-first heap   total 68608K, used 33602K [0x0000000082000000, 0x0000000100000000)
  region size 1024K, 13 young (13312K), 2 survivors (2048K)
 Metaspace       used 68128K, capacity 70245K, committed 70480K, reserved 1110016K
  class space    used 8232K, capacity 9052K, committed 9088K, reserved 1048576K
GC Heap History (20 events):
Event: 2822.321 GC heap before
{Heap before GC invocations=50 (full 9):
 garbage-first heap   total 68608K, used 32244K [0x0000000082000000, 0x0000000100000000)
  region size 1024K, 11 young (11264K), 3 survivors (3072K)
 Metaspace       used 67491K, capacity 69552K, committed 69712K, reserved 1110016K
  class space    used 8183K, capacity 9000K, committed 9088K, reserved 1048576K
}
Event: 2822.371 GC heap after
{Heap after GC invocations=51 (full 10):
 garbage-first heap   total 68608K, used 20274K [0x0000000082000000, 0x0000000100000000)
  region size 1024K, 0 young (0K), 0 survivors (0K)
 Metaspace       used 67488K, capacity 69546K, committed 69712K, reserved 1110016K
  class space    used 8182K, capacity 8998K, committed 9088K, reserved 1048576K
}
Event: 2822.622 GC heap before
{Heap before GC invocations=51 (full 10):
 garbage-first heap   total 68608K, used 52018K [0x0000000082000000, 0x0000000100000000)
  region size 1024K, 31 young (31744K), 0 survivors (0K)
 Metaspace       used 67544K, capacity 69635K, committed 69968K, reserved 1110016K
  class space    used 8186K, capacity 9002K, committed 9088K, reserved 1048576K
}
Event: 2822.625 GC heap after
{Heap after GC invocations=52 (full 10):
 garbage-first heap   total 68608K, used 22322K [0x0000000082000000, 0x0000000100000000)
  region size 1024K, 2 young (2048K), 2 survivors (2048K)
 Metaspace       used 67544K, capacity 69635K, committed 69968K, reserved 1110016K
  class space    used 8186K, capacity 9002K, committed 9088K, reserved 1048576K
}
Event: 2822.649 GC heap before
{Heap before GC invocations=52 (full 10):
 garbage-first heap   total 68608K, used 52018K [0x0000000082000000, 0x0000000100000000)
  region size 1024K, 32 young (32768K), 2 survivors (2048K)
 Metaspace       used 67546K, capacity 69636K, committed 69968K, reserved 1110016K
  class space    used 8186K, capacity 9002K, committed 9088K, reserved 1048576K
}
Event: 2822.651 GC heap after
{Heap after GC invocations=53 (full 10):
 garbage-first heap   total 68608K, used 22685K [0x0000000082000000, 0x0000000100000000)
  region size 1024K, 3 young (3072K), 3 survivors (3072K)
 Metaspace       used 67546K, capacity 69636K, committed 69968K, reserved 1110016K
  class space    used 8186K, capacity 9002K, committed 9088K, reserved 1048576K
}
Event: 2869.409 GC heap before
{Heap before GC invocations=53 (full 10):
 garbage-first heap   total 68608K, used 52381K [0x0000000082000000, 0x0000000100000000)
  region size 1024K, 33 young (33792K), 3 survivors (3072K)
 Metaspace       used 67842K, capacity 69945K, committed 70224K, reserved 1110016K
  class space    used 8223K, capacity 9042K, committed 9088K, reserved 1048576K
}
Event: 2869.411 GC heap after
{Heap after GC invocations=54 (full 10):
 garbage-first heap   total 68608K, used 21180K [0x0000000082000000, 0x0000000100000000)
  region size 1024K, 1 young (1024K), 1 survivors (1024K)
 Metaspace       used 67842K, capacity 69945K, committed 70224K, reserved 1110016K
  class space    used 8223K, capacity 9042K, committed 9088K, reserved 1048576K
}
Event: 2869.660 GC heap before
{Heap before GC invocations=54 (full 10):
 garbage-first heap   total 68608K, used 52924K [0x0000000082000000, 0x0000000100000000)
  region size 1024K, 32 young (32768K), 1 survivors (1024K)
 Metaspace       used 67898K, capacity 70024K, committed 70224K, reserved 1110016K
  class space    used 8225K, capacity 9044K, committed 9088K, reserved 1048576K
}
Event: 2869.662 GC heap after
{Heap after GC invocations=55 (full 10):
 garbage-first heap   total 68608K, used 22882K [0x0000000082000000, 0x0000000100000000)
  region size 1024K, 3 young (3072K), 3 survivors (3072K)
 Metaspace       used 67898K, capacity 70024K, committed 70224K, reserved 1110016K
  class space    used 8225K, capacity 9044K, committed 9088K, reserved 1048576K
}
Event: 2869.683 GC heap before
{Heap before GC invocations=55 (full 10):
 garbage-first heap   total 68608K, used 52578K [0x0000000082000000, 0x0000000100000000)
  region size 1024K, 33 young (33792K), 3 survivors (3072K)
 Metaspace       used 67899K, capacity 70024K, committed 70224K, reserved 1110016K
  class space    used 8225K, capacity 9044K, committed 9088K, reserved 1048576K
}
Event: 2869.685 GC heap after
{Heap after GC invocations=56 (full 10):
 garbage-first heap   total 68608K, used 23246K [0x0000000082000000, 0x0000000100000000)
  region size 1024K, 3 young (3072K), 3 survivors (3072K)
 Metaspace       used 67899K, capacity 70024K, committed 70224K, reserved 1110016K
  class space    used 8225K, capacity 9044K, committed 9088K, reserved 1048576K
}
Event: 2870.658 GC heap before
{Heap before GC invocations=56 (full 10):
 garbage-first heap   total 68608K, used 52942K [0x0000000082000000, 0x0000000100000000)
  region size 1024K, 33 young (33792K), 3 survivors (3072K)
 Metaspace       used 67952K, capacity 70025K, committed 70224K, reserved 1110016K
  class space    used 8226K, capacity 9044K, committed 9088K, reserved 1048576K
}
Event: 2870.662 GC heap after
{Heap after GC invocations=57 (full 10):
 garbage-first heap   total 68608K, used 23900K [0x0000000082000000, 0x0000000100000000)
  region size 1024K, 4 young (4096K), 4 survivors (4096K)
 Metaspace       used 67952K, capacity 70025K, committed 70224K, reserved 1110016K
  class space    used 8226K, capacity 9044K, committed 9088K, reserved 1048576K
}
Event: 2931.959 GC heap before
{Heap before GC invocations=57 (full 10):
 garbage-first heap   total 68608K, used 51548K [0x0000000082000000, 0x0000000100000000)
  region size 1024K, 32 young (32768K), 4 survivors (4096K)
 Metaspace       used 68020K, capacity 70167K, committed 70224K, reserved 1110016K
  class space    used 8229K, capacity 9050K, committed 9088K, reserved 1048576K
}
Event: 2931.961 GC heap after
{Heap after GC invocations=58 (full 10):
 garbage-first heap   total 68608K, used 22884K [0x0000000082000000, 0x0000000100000000)
  region size 1024K, 2 young (2048K), 2 survivors (2048K)
 Metaspace       used 68020K, capacity 70167K, committed 70224K, reserved 1110016K
  class space    used 8229K, capacity 9050K, committed 9088K, reserved 1048576K
}
Event: 2932.080 GC heap before
{Heap before GC invocations=58 (full 10):
 garbage-first heap   total 68608K, used 51556K [0x0000000082000000, 0x0000000100000000)
  region size 1024K, 31 young (31744K), 2 survivors (2048K)
 Metaspace       used 68092K, capacity 70245K, committed 70480K, reserved 1110016K
  class space    used 8231K, capacity 9052K, committed 9088K, reserved 1048576K
}
Event: 2932.082 GC heap after
{Heap after GC invocations=59 (full 10):
 garbage-first heap   total 68608K, used 23371K [0x0000000082000000, 0x0000000100000000)
  region size 1024K, 3 young (3072K), 3 survivors (3072K)
 Metaspace       used 68092K, capacity 70245K, committed 70480K, reserved 1110016K
  class space    used 8231K, capacity 9052K, committed 9088K, reserved 1048576K
}
Event: 2932.120 GC heap before
{Heap before GC invocations=59 (full 10):
 garbage-first heap   total 68608K, used 52043K [0x0000000082000000, 0x0000000100000000)
  region size 1024K, 32 young (32768K), 3 survivors (3072K)
 Metaspace       used 68101K, capacity 70245K, committed 70480K, reserved 1110016K
  class space    used 8231K, capacity 9052K, committed 9088K, reserved 1048576K
}
Event: 2932.123 GC heap after
{Heap after GC invocations=60 (full 10):
 garbage-first heap   total 68608K, used 23362K [0x0000000082000000, 0x0000000100000000)
  region size 1024K, 2 young (2048K), 2 survivors (2048K)
 Metaspace       used 68101K, capacity 70245K, committed 70480K, reserved 1110016K
  class space    used 8231K, capacity 9052K, committed 9088K, reserved 1048576K
}

